<?xml version="1.0" encoding="UTF-8"?>
<coverage generated="1697473848525" clover="3.2.0">
  <project timestamp="1697473848525" name="All files">
    <metrics statements="13" coveredstatements="13" conditionals="1" coveredconditionals="1" methods="8" coveredmethods="8" elements="22" coveredelements="22" complexity="0" loc="13" ncloc="13" packages="1" files="1" classes="1"/>
    <file name="index.ts" path="/home/braymond/projects/powerglitch/react-powerglitch/src/lib/index.ts">
      <metrics statements="13" coveredstatements="13" conditionals="1" coveredconditionals="1" methods="8" coveredmethods="8"/>
      <line num="1" count="1" type="stmt"/>
      <line num="2" count="1" type="stmt"/>
      <line num="35" count="1" type="stmt"/>
      <line num="39" count="5" type="stmt"/>
      <line num="44" count="5" type="stmt"/>
      <line num="45" count="5" type="stmt"/>
      <line num="51" count="5" type="stmt"/>
      <line num="54" count="4" type="cond" truecount="1" falsecount="0"/>
      <line num="55" count="2" type="stmt"/>
      <line num="60" count="2" type="stmt"/>
      <line num="61" count="2" type="stmt"/>
      <line num="62" count="2" type="stmt"/>
      <line num="65" count="5" type="stmt"/>
    </file>
  </project>
</coverage>
