{"/home/braymond/projects/powerglitch/react-powerglitch/src/lib/index.ts": {"path":"/home/braymond/projects/powerglitch/react-powerglitch/src/lib/index.ts","statementMap":{"0":{"start":{"line":1,"column":0},"end":{"line":1,"column":46}},"1":{"start":{"line":2,"column":0},"end":{"line":2,"column":80}},"2":{"start":{"line":39,"column":34},"end":{"line":39,"column":55}},"3":{"start":{"line":44,"column":42},"end":{"line":44,"column":84}},"4":{"start":{"line":44,"column":71},"end":{"line":44,"column":83}},"5":{"start":{"line":44,"column":77},"end":{"line":44,"column":83}},"6":{"start":{"line":45,"column":40},"end":{"line":45,"column":82}},"7":{"start":{"line":45,"column":69},"end":{"line":45,"column":81}},"8":{"start":{"line":45,"column":75},"end":{"line":45,"column":81}},"9":{"start":{"line":51,"column":16},"end":{"line":63,"column":17}},"10":{"start":{"line":54,"column":8},"end":{"line":56,"column":null}},"11":{"start":{"line":55,"column":12},"end":{"line":55,"column":19}},"12":{"start":{"line":60,"column":23},"end":{"line":60,"column":56}},"13":{"start":{"line":61,"column":8},"end":{"line":61,"column":49}},"14":{"start":{"line":61,"column":29},"end":{"line":61,"column":47}},"15":{"start":{"line":62,"column":8},"end":{"line":62,"column":47}},"16":{"start":{"line":62,"column":28},"end":{"line":62,"column":45}},"17":{"start":{"line":65,"column":4},"end":{"line":70,"column":6}},"18":{"start":{"line":35,"column":0},"end":{"line":35,"column":16}}},"fnMap":{"0":{"name":"useGlitch","decl":{"start":{"line":35,"column":16},"end":{"line":35,"column":25}},"loc":{"start":{"line":35,"column":76},"end":{"line":71,"column":1}}},"1":{"name":"(anonymous_1)","decl":{"start":{"line":44,"column":65},"end":{"line":44,"column":68}},"loc":{"start":{"line":44,"column":71},"end":{"line":44,"column":83}}},"2":{"name":"(anonymous_2)","decl":{"start":{"line":44,"column":71},"end":{"line":44,"column":74}},"loc":{"start":{"line":44,"column":77},"end":{"line":44,"column":83}}},"3":{"name":"(anonymous_3)","decl":{"start":{"line":45,"column":63},"end":{"line":45,"column":66}},"loc":{"start":{"line":45,"column":69},"end":{"line":45,"column":81}}},"4":{"name":"(anonymous_4)","decl":{"start":{"line":45,"column":69},"end":{"line":45,"column":72}},"loc":{"start":{"line":45,"column":75},"end":{"line":45,"column":81}}},"5":{"name":"(anonymous_5)","decl":{"start":{"line":51,"column":28},"end":{"line":51,"column":29}},"loc":{"start":{"line":51,"column":57},"end":{"line":63,"column":5}}},"6":{"name":"(anonymous_6)","decl":{"start":{"line":61,"column":23},"end":{"line":61,"column":26}},"loc":{"start":{"line":61,"column":29},"end":{"line":61,"column":47}}},"7":{"name":"(anonymous_7)","decl":{"start":{"line":62,"column":22},"end":{"line":62,"column":25}},"loc":{"start":{"line":62,"column":28},"end":{"line":62,"column":45}}}},"branchMap":{"0":{"loc":{"start":{"line":54,"column":8},"end":{"line":56,"column":null}},"type":"if","locations":[{"start":{"line":54,"column":8},"end":{"line":56,"column":null}}]}},"s":{"0":1,"1":1,"2":5,"3":5,"4":3,"5":3,"6":5,"7":3,"8":3,"9":5,"10":4,"11":2,"12":2,"13":2,"14":2,"15":2,"16":2,"17":5,"18":1},"f":{"0":5,"1":3,"2":3,"3":3,"4":3,"5":4,"6":2,"7":2},"b":{"0":[2]}}
}
