TN:
SF:src/lib/index.ts
FN:35,useGlitch
FN:44,(anonymous_1)
FN:44,(anonymous_2)
FN:45,(anonymous_3)
FN:45,(anonymous_4)
FN:51,(anonymous_5)
FN:61,(anonymous_6)
FN:62,(anonymous_7)
FNF:8
FNH:8
FNDA:5,useGlitch
FNDA:3,(anonymous_1)
FNDA:3,(anonymous_2)
FNDA:3,(anonymous_3)
FNDA:3,(anonymous_4)
FNDA:4,(anonymous_5)
FNDA:2,(anonymous_6)
FNDA:2,(anonymous_7)
DA:1,1
DA:2,1
DA:35,1
DA:39,5
DA:44,5
DA:45,5
DA:51,5
DA:54,4
DA:55,2
DA:60,2
DA:61,2
DA:62,2
DA:65,5
LF:13
LH:13
BRDA:54,0,0,2
BRF:1
BRH:1
end_of_record
